Unrecognized option: -jara
Error: Could not create the Java Virtual Machine.
Error: A fatal exception has occurred. Program will exit.

  .   ____          _            __ _ _
 /\\ / ___'_ __ _ _(_)_ __  __ _ \ \ \ \
( ( )\___ | '_ | '_| | '_ \/ _` | \ \ \ \
 \\/  ___)| |_)| | | | | || (_| |  ) ) ) )
  '  |____| .__|_| |_|_| |_\__, | / / / /
 =========|_|==============|___/=/_/_/_/
 :: Spring Boot ::                (v3.2.4)

2024-04-21T16:25:16.649+07:00  INFO 4603 --- [app] [           main] com.mvm.app.AppApplication               : Starting AppApplication v0.0.1-SNAPSHOT using Java 17.0.8 with PID 4603 (/Users/mvmanh/Desktop/spring_boot/app.jar started by mvmanh in /Users/mvmanh/Desktop/spring_boot)
2024-04-21T16:25:16.654+07:00  INFO 4603 --- [app] [           main] com.mvm.app.AppApplication               : No active profile set, falling back to 1 default profile: "default"
2024-04-21T16:25:17.164+07:00  INFO 4603 --- [app] [           main] o.s.b.w.embedded.tomcat.TomcatWebServer  : Tomcat initialized with port 8080 (http)
2024-04-21T16:25:17.171+07:00  INFO 4603 --- [app] [           main] o.apache.catalina.core.StandardService   : Starting service [Tomcat]
2024-04-21T16:25:17.171+07:00  INFO 4603 --- [app] [           main] o.apache.catalina.core.StandardEngine    : Starting Servlet engine: [Apache Tomcat/10.1.19]
2024-04-21T16:25:17.191+07:00  INFO 4603 --- [app] [           main] o.a.c.c.C.[Tomcat].[localhost].[/]       : Initializing Spring embedded WebApplicationContext
2024-04-21T16:25:17.192+07:00  INFO 4603 --- [app] [           main] w.s.c.ServletWebServerApplicationContext : Root WebApplicationContext: initialization completed in 487 ms
2024-04-21T16:25:17.379+07:00  INFO 4603 --- [app] [           main] o.s.b.w.embedded.tomcat.TomcatWebServer  : Tomcat started on port 8080 (http) with context path ''
2024-04-21T16:25:17.388+07:00  INFO 4603 --- [app] [           main] com.mvm.app.AppApplication               : Started AppApplication in 0.974 seconds (process running for 1.2)
2024-04-21T16:25:28.566+07:00  INFO 4603 --- [app] [nio-8080-exec-1] o.a.c.c.C.[Tomcat].[localhost].[/]       : Initializing Spring DispatcherServlet 'dispatcherServlet'
2024-04-21T16:25:28.566+07:00  INFO 4603 --- [app] [nio-8080-exec-1] o.s.web.servlet.DispatcherServlet        : Initializing Servlet 'dispatcherServlet'
2024-04-21T16:25:28.567+07:00  INFO 4603 --- [app] [nio-8080-exec-1] o.s.web.servlet.DispatcherServlet        : Completed initialization in 1 ms
